[2016.03.17-15.55.41:747][  0]Log file open, 03/17/16 11:55:41
[2016.03.17-15.55.41:747][  0]LogInit:Display: Running engine for game: CustomTPGame
[2016.03.17-15.55.41:747][  0]LogPlatformFile: Not using cached read wrapper
[2016.03.17-15.55.41:747][  0]LogInit:Display: RandInit(-2134486306) SRandInit(-2134486301).
[2016.03.17-15.55.41:747][  0]LogTaskGraph: Started task graph with 4 named threads and 5 total threads.
[2016.03.17-15.55.41:747][  0]LogStats: Stats thread started at 0.221907
[2016.03.17-15.55.41:747][  0]LogInit: Version: 4.10.2-2818068+++depot+UE4-Releases+4.10
[2016.03.17-15.55.41:748][  0]LogInit: API Version: 2758231
[2016.03.17-15.55.41:748][  0]LogInit: Compiled (64-bit): Jan  6 2016 17:36:42
[2016.03.17-15.55.41:748][  0]LogInit: Compiled with Visual C++: 19.00.23026.00
[2016.03.17-15.55.41:748][  0]LogInit: Build Configuration: Development
[2016.03.17-15.55.41:748][  0]LogInit: Branch Name: ++depot+UE4-Releases+4.10
[2016.03.17-15.55.41:748][  0]LogInit: Command line:  /Temp/Autosaves/Game/StarterContent/Maps/UEDPCMinimal_Default -game -PIEVIACONSOLE -ResX=1280 -ResY=720  -Multiprocess 
[2016.03.17-15.55.41:748][  0]LogInit: Base directory: C:/Program Files (x86)/Epic Games/4.10/Engine/Binaries/Win64/
[2016.03.17-15.55.41:748][  0]LogInit: Rocket: 1
[2016.03.17-15.55.41:790][  0]LogInit: Using libcurl 7.41.0
[2016.03.17-15.55.41:790][  0]LogInit:  - built for x86_64-pc-win32
[2016.03.17-15.55.41:790][  0]LogInit:  - supports SSL with WinSSL
[2016.03.17-15.55.41:790][  0]LogInit:  - other features:
[2016.03.17-15.55.41:790][  0]LogInit:      CURL_VERSION_SSL
[2016.03.17-15.55.41:790][  0]LogInit:      CURL_VERSION_IPV6
[2016.03.17-15.55.41:791][  0]LogInit:      CURL_VERSION_ASYNCHDNS
[2016.03.17-15.55.41:791][  0]LogInit:      CURL_VERSION_LARGEFILE
[2016.03.17-15.55.41:791][  0]LogInit:      CURL_VERSION_IDN
[2016.03.17-15.55.41:791][  0]LogInit:  CurlRequestOptions (configurable via config and command line):
[2016.03.17-15.55.41:791][  0]LogInit:  - bVerifyPeer = true  - Libcurl will verify peer certificate
[2016.03.17-15.55.41:791][  0]LogInit:  - bUseHttpProxy = false  - Libcurl will NOT use HTTP proxy
[2016.03.17-15.55.41:791][  0]LogInit:  - bDontReuseConnections = false  - Libcurl will reuse connections
[2016.03.17-15.55.41:791][  0]LogInit:  - CertBundlePath = nullptr  - Libcurl will use whatever was configured at build time.
[2016.03.17-15.55.41:832][  0]LogInit: Presizing for 0 objects not considered by GC, pre-allocating 0 bytes.
[2016.03.17-15.55.41:864][  0]LogInit: Object subsystem initialized
[2016.03.17-15.55.41:868][  0]LogInit: Selected Device Profile: [Windows]
[2016.03.17-15.55.41:868][  0]LogInit: Applying CVar settings loaded from the selected device profile: [Windows]
[2016.03.17-15.55.41:884][  0]LogInit: Computer: NICK-LAPTOP
[2016.03.17-15.55.41:884][  0]LogInit: User: Nick
[2016.03.17-15.55.41:884][  0]LogInit: CPU Page size=4096, Cores=2
[2016.03.17-15.55.41:884][  0]LogInit: High frequency timer resolution =2.143478 MHz
[2016.03.17-15.55.41:884][  0]LogMemory: Memory total: Physical=7.9GB (8GB approx)
[2016.03.17-15.55.41:884][  0]LogMemory: Platform Memory Stats for Windows
[2016.03.17-15.55.41:884][  0]LogMemory: Process Physical Memory: 54.08 MB used, 54.08 MB peak
[2016.03.17-15.55.41:884][  0]LogMemory: Process Virtual Memory: 57.38 MB used, 57.38 MB peak
[2016.03.17-15.55.41:884][  0]LogMemory: Physical Memory: 4070.41 MB used, 8105.84 MB total
[2016.03.17-15.55.41:884][  0]LogMemory: Virtual Memory: 360.84 MB used, 134217728.00 MB total
[2016.03.17-15.55.42:024][  0]LogTextLocalizationManager: No specific translations for ('en-CA') exist, so ('en') translations will be used.
[2016.03.17-15.55.43:998][  0]LogD3D11RHI: Found D3D11 adapter 0: Intel(R) HD Graphics 5500 (Feature Level 11_0)
[2016.03.17-15.55.43:998][  0]LogD3D11RHI: Adapter has 0MB of dedicated video memory, 0MB of dedicated system memory, and 3839MB of shared system memory, 1 output[s]
[2016.03.17-15.55.44:025][  0]LogD3D11RHI: Found D3D11 adapter 1: AMD Radeon R9 M275X (Feature Level 11_0)
[2016.03.17-15.55.44:025][  0]LogD3D11RHI: Adapter has 2027MB of dedicated video memory, 0MB of dedicated system memory, and 3840MB of shared system memory, 0 output[s]
[2016.03.17-15.55.44:028][  0]LogD3D11RHI: Found D3D11 adapter 2: Microsoft Basic Render Driver (Feature Level 11_0)
[2016.03.17-15.55.44:028][  0]LogD3D11RHI: Adapter has 0MB of dedicated video memory, 0MB of dedicated system memory, and 256MB of shared system memory, 0 output[s]
[2016.03.17-15.55.44:028][  0]LogD3D11RHI: Chosen D3D11 Adapter Id = 0
[2016.03.17-15.55.44:047][  0]LogD3D11RHI: !Direct3DDevice
[2016.03.17-15.55.44:047][  0]LogRHI: Texture pool is 1343 MB (70% of 1919 MB)
[2016.03.17-15.55.44:076][  0]LogD3D11RHI: Async texture creation enabled
[2016.03.17-15.55.44:094][  0]LogShaderCompilers: Guid format shader working directory is -22 characters bigger than the processId version (../../../../../../Users/Nick/Documents/Unreal Projects/CustomTPGame/Intermediate/Shaders/WorkingDirectory/7584/).
[2016.03.17-15.55.44:094][  0]LogShaderCompilers: Cleaned the shader compiler working directory 'C:/Users/Nick/AppData/Local/Temp/UnrealShaderWorkingDir/02B2875C42E09DAA3B86359218B72DF5/'.
[2016.03.17-15.55.44:094][  0]LogShaderCompilers:Display: Using Local Shader Compiler.
[2016.03.17-15.55.46:977][  0]LogTemp:Display: Loaded TP AllDesktopTargetPlatform
[2016.03.17-15.55.46:997][  0]LogTemp:Display: Loaded TP WindowsClientTargetPlatform
[2016.03.17-15.55.47:013][  0]LogTemp:Display: Loaded TP WindowsNoEditorTargetPlatform
[2016.03.17-15.55.47:029][  0]LogTemp:Display: Loaded TP WindowsServerTargetPlatform
[2016.03.17-15.55.47:044][  0]LogTemp:Display: Loaded TP WindowsTargetPlatform
[2016.03.17-15.55.47:054][  0]LogTemp:Display: Loaded TP AndroidTargetPlatform
[2016.03.17-15.55.47:064][  0]LogTemp:Display: Loaded TP Android_ASTCTargetPlatform
[2016.03.17-15.55.47:074][  0]LogTemp:Display: Loaded TP Android_ATCTargetPlatform
[2016.03.17-15.55.47:084][  0]LogTemp:Display: Loaded TP Android_DXTTargetPlatform
[2016.03.17-15.55.47:095][  0]LogTemp:Display: Loaded TP Android_ETC1TargetPlatform
[2016.03.17-15.55.47:106][  0]LogTemp:Display: Loaded TP Android_ETC2TargetPlatform
[2016.03.17-15.55.47:129][  0]LogTemp:Display: Loaded TP Android_MultiTargetPlatform
[2016.03.17-15.55.47:129][  0]LogTemp:Display: Loaded TP Android_PVRTCTargetPlatform
[2016.03.17-15.55.47:131][  0]LogTemp:Display: Loaded TP HTML5TargetPlatform
[2016.03.17-15.55.47:162][  0]LogTemp:Display: Loaded TP IOSTargetPlatform
[2016.03.17-15.55.47:171][  0]LogTemp:Display: Loaded TP LinuxNoEditorTargetPlatform
[2016.03.17-15.55.47:181][  0]LogTemp:Display: Loaded TP LinuxServerTargetPlatform
[2016.03.17-15.55.47:191][  0]LogTemp:Display: Loaded TP LinuxTargetPlatform
[2016.03.17-15.55.47:191][  0]LogTargetPlatformManager:Display: Building Assets For Windows
[2016.03.17-15.55.47:472][  0]LogDerivedDataCache:Display: Max Cache Size: 512 MB
[2016.03.17-15.55.47:636][  0]LogDerivedDataCache: Loaded boot cache 0.16s 42MB C:/Users/Nick/AppData/Local/UnrealEngine/4.10/DerivedDataCache/Boot.ddc.
[2016.03.17-15.55.47:636][  0]LogDerivedDataCache:Display: Loaded Boot cache: C:/Users/Nick/AppData/Local/UnrealEngine/4.10/DerivedDataCache/Boot.ddc
[2016.03.17-15.55.47:636][  0]LogDerivedDataCache: FDerivedDataBackendGraph:  Pak pak cache file ../../../../../../Users/Nick/Documents/Unreal Projects/CustomTPGame/DerivedDataCache/DDC.ddp not found, will not use a pak cache.
[2016.03.17-15.55.47:636][  0]LogDerivedDataCache: Unable to find inner node Pak for hierarchical cache Hierarchy.
[2016.03.17-15.55.47:637][  0]LogDerivedDataCache: FDerivedDataBackendGraph:  CompressedPak pak cache file ../../../../../../Users/Nick/Documents/Unreal Projects/CustomTPGame/DerivedDataCache/Compressed.ddp not found, will not use a pak cache.
[2016.03.17-15.55.47:637][  0]LogDerivedDataCache: Unable to find inner node CompressedPak for hierarchical cache Hierarchy.
[2016.03.17-15.55.47:854][  0]LogDerivedDataCache:Display: Pak cache opened for reading ../../../Engine/DerivedDataCache/Compressed.ddp.
[2016.03.17-15.55.47:869][  0]LogDerivedDataCache: Using Local data cache path C:/Users/Nick/AppData/Local/UnrealEngine/Common/DerivedDataCache: Writable
[2016.03.17-15.55.48:442][  0]LogInit: Selected Device Profile: [Windows]
[2016.03.17-15.55.48:451][  0]LogContentStreaming: Texture pool size is 1000.000000MB
[2016.03.17-15.55.48:806][  0]LogMeshUtilities: No automatic mesh reduction module available
[2016.03.17-15.55.48:806][  0]LogMeshUtilities: No automatic mesh merging module available
[2016.03.17-15.55.49:506][  0]LogInit: WinSock: version 1.1 (2.2), MaxSocks=32767, MaxUdp=65467
[2016.03.17-15.55.50:137][  0]LogWindowsMoviePlayer: Unable to load movie: ../../../../../../Users/Nick/Documents/Unreal Projects/CustomTPGame/Content/Movies/Default_Startup.mp4
[2016.03.17-15.55.50:463][  0]SourceControl: Info Source control is disabled
[2016.03.17-15.55.50:463][  0]SourceControl: Info Source control is disabled
[2016.03.17-15.55.50:506][  0]SourceControl: Info Source control is disabled
[2016.03.17-15.55.51:138][  0]LogObj: 27935 objects as part of root set at end of initial load.
[2016.03.17-15.55.51:138][  0]LogUObjectAllocator: 5830064 out of 0 bytes used by permanent object pool.
[2016.03.17-15.55.51:320][  0]LogEngine: Initializing Engine...
[2016.03.17-15.55.51:328][  0]LogHMD: Can't find Oculus library dev build: is proper Runtime installed? Version: 0.8.0.0
[2016.03.17-15.55.51:330][  0]LogHMD: SteamVR failed to initialize.  Err: 110
[2016.03.17-15.55.51:689][  0]LogInit: XAudio2 using 'Speakers (Realtek High Definition Audio)' : 2 channels at 48 kHz using 32 bits per sample (channel mask 0x3)
[2016.03.17-15.55.51:718][  0]LogInit: FAudioDevice initialized.
[2016.03.17-15.55.51:731][  0]LogInit: Texture streaming: Enabled
[2016.03.17-15.55.52:123][  0]LogNet: Browse: /Temp/Autosaves/Game/StarterContent/Maps/UEDPCMinimal_Default?Name=Player
[2016.03.17-15.55.52:123][  0]LogLoad: LoadMap: /Temp/Autosaves/Game/StarterContent/Maps/UEDPCMinimal_Default?Name=Player
[2016.03.17-15.55.52:197][  0]LogParticles: Destroying 0 GPU particle simulations for FXSystem 0x000000FAD6FCEF20
[2016.03.17-15.55.52:287][  0]LogMemory: Platform Memory Stats for Windows
[2016.03.17-15.55.52:287][  0]LogMemory: Process Physical Memory: 360.89 MB used, 360.89 MB peak
[2016.03.17-15.55.52:287][  0]LogMemory: Process Virtual Memory: 341.97 MB used, 341.97 MB peak
[2016.03.17-15.55.52:287][  0]LogMemory: Physical Memory: 4362.55 MB used, 8105.84 MB total
[2016.03.17-15.55.52:287][  0]LogMemory: Virtual Memory: 881.55 MB used, 134217728.00 MB total
[2016.03.17-15.55.52:287][  0]LogMemory: 
[2016.03.17-15.55.52:287][  0]Allocator Stats for TBB: (not implemented)
[2016.03.17-15.55.54:293][  0]LogAIModule: Creating AISystem for world Minimal_Default
[2016.03.17-15.55.54:394][  0]LogWorld: Game class is 'MyGameMode_C'
[2016.03.17-15.55.54:407][  0]LogWorld: Bringing World /Temp/Autosaves/Game/StarterContent/Maps/UEDPCMinimal_Default.Minimal_Default up for play (max tick rate 0) at 2016.03.17-11.55.54
[2016.03.17-15.55.54:408][  0]LogWorld: Bringing up level for play took: 0.011992
[2016.03.17-15.55.54:414][  0]LogScript:Warning: Accessed None 'CallFunc_GetPlayerCharacter_ReturnValue'
	Character_AnimBP_C /Temp/Autosaves/Game/StarterContent/Maps/UEDPCMinimal_Default.Minimal_Default:PersistentLevel.CharacterBP_C_0.CharacterMesh0.Character_AnimBP_C_0
	Function /Game/Characters/Character_AnimBP.Character_AnimBP_C:ExecuteUbergraph_Character_AnimBP:0234
[2016.03.17-15.55.54:414][  0]LogScript:Warning: Accessed None 'CallFunc_GetPlayerCharacter_ReturnValue'
	Character_AnimBP_C /Temp/Autosaves/Game/StarterContent/Maps/UEDPCMinimal_Default.Minimal_Default:PersistentLevel.CharacterBP_C_0.CharacterMesh0.Character_AnimBP_C_0
	Function /Game/Characters/Character_AnimBP.Character_AnimBP_C:ExecuteUbergraph_Character_AnimBP:0266
[2016.03.17-15.55.54:416][  0]LogScript:Warning: Accessed None 'CallFunc_GetPlayerCharacter_ReturnValue'
	Character_AnimBP_C /Temp/Autosaves/Game/StarterContent/Maps/UEDPCMinimal_Default.Minimal_Default:PersistentLevel.CharacterBP_C_0.CharacterMesh0.Character_AnimBP_C_0
	Function /Game/Characters/Character_AnimBP.Character_AnimBP_C:ExecuteUbergraph_Character_AnimBP:0124
[2016.03.17-15.55.54:416][  0]LogScript:Warning: Accessed None 'CallFunc_GetPlayerCharacter_ReturnValue'
	Character_AnimBP_C /Temp/Autosaves/Game/StarterContent/Maps/UEDPCMinimal_Default.Minimal_Default:PersistentLevel.CharacterBP_C_0.CharacterMesh0.Character_AnimBP_C_0
	Function /Game/Characters/Character_AnimBP.Character_AnimBP_C:ExecuteUbergraph_Character_AnimBP:0156
[2016.03.17-15.55.54:422][  0]LogScript:Warning: Accessed None 'CallFunc_GetPlayerCharacter_ReturnValue'
	Character_AnimBP_C /Temp/Autosaves/Game/StarterContent/Maps/UEDPCMinimal_Default.Minimal_Default:PersistentLevel.CharacterBP_C_0.CharacterMesh0.Character_AnimBP_C_0
	Function /Game/Characters/Character_AnimBP.Character_AnimBP_C:ExecuteUbergraph_Character_AnimBP:0234
[2016.03.17-15.55.54:422][  0]LogScript:Warning: Accessed None 'CallFunc_GetPlayerCharacter_ReturnValue'
	Character_AnimBP_C /Temp/Autosaves/Game/StarterContent/Maps/UEDPCMinimal_Default.Minimal_Default:PersistentLevel.CharacterBP_C_0.CharacterMesh0.Character_AnimBP_C_0
	Function /Game/Characters/Character_AnimBP.Character_AnimBP_C:ExecuteUbergraph_Character_AnimBP:0266
[2016.03.17-15.55.54:422][  0]LogScript:Warning: Accessed None 'CallFunc_GetPlayerCharacter_ReturnValue'
	Character_AnimBP_C /Temp/Autosaves/Game/StarterContent/Maps/UEDPCMinimal_Default.Minimal_Default:PersistentLevel.CharacterBP_C_0.CharacterMesh0.Character_AnimBP_C_0
	Function /Game/Characters/Character_AnimBP.Character_AnimBP_C:ExecuteUbergraph_Character_AnimBP:0124
[2016.03.17-15.55.54:422][  0]LogScript:Warning: Accessed None 'CallFunc_GetPlayerCharacter_ReturnValue'
	Character_AnimBP_C /Temp/Autosaves/Game/StarterContent/Maps/UEDPCMinimal_Default.Minimal_Default:PersistentLevel.CharacterBP_C_0.CharacterMesh0.Character_AnimBP_C_0
	Function /Game/Characters/Character_AnimBP.Character_AnimBP_C:ExecuteUbergraph_Character_AnimBP:0156
[2016.03.17-15.55.54:428][  0]LogInit:Display: Game Engine Initialized.
[2016.03.17-15.55.54:701][  0]LogLoad: Full Startup: 14.19 seconds (BP compile: 0.50 seconds)
[2016.03.17-15.55.54:719][  0]LogWindowsTextInputMethodSystem:Display: IME system now deactivated.
[2016.03.17-15.55.54:727][  0]LogOcInput: Can't find Oculus library dev build: is proper Runtime installed? Version: 0.8.0.0
[2016.03.17-15.55.54:999][  0]LogRenderer: Reallocating scene render targets to support 128x128 (Frame:1).
[2016.03.17-15.55.55:830][  0]LogRenderer: Reallocating scene render targets to support 1280x720 (Frame:2).
[2016.03.17-15.56.24:954][330]LogWindowsTextInputMethodSystem:Display: IME system now deactivated.
[2016.03.17-15.56.24:957][330]LogEngine: All Windows Closed
[2016.03.17-15.56.24:957][330]LogWindows: FPlatformMisc::RequestExit(0)
[2016.03.17-15.56.25:356][331]LogExit: Preparing to exit.
[2016.03.17-15.56.25:431][331]LogExit: Game engine shut down
[2016.03.17-15.56.25:433][331]LogParticles: Destroying 0 GPU particle simulations for FXSystem 0x000000FAD60C7D80
[2016.03.17-15.56.25:852][331]LogExit: Object subsystem successfully closed.
[2016.03.17-15.56.25:872][331]LogD3D11RHI: Shutdown
[2016.03.17-15.56.25:872][331]LogD3D11RHI: CleanupD3DDevice
[2016.03.17-15.56.26:041][331]LogD3D11RHI: ~FD3D11DynamicRHI
[2016.03.17-15.56.26:074][331]LogModuleManager: Shutting down and abandoning module AndroidDeviceDetection (117)
[2016.03.17-15.56.26:881][331]LogModuleManager: Shutting down and abandoning module AutomationController (116)
[2016.03.17-15.56.26:881][331]LogModuleManager: Shutting down and abandoning module AutomationWorker (115)
[2016.03.17-15.56.26:882][331]LogModuleManager: Shutting down and abandoning module CharacterAI (114)
[2016.03.17-15.56.26:882][331]LogModuleManager: Shutting down and abandoning module AITestSuite (113)
[2016.03.17-15.56.26:882][331]LogModuleManager: Shutting down and abandoning module GameplayDebugger (112)
[2016.03.17-15.56.26:882][331]LogModuleManager: Shutting down and abandoning module AIModule (111)
[2016.03.17-15.56.26:882][331]LogModuleManager: Shutting down and abandoning module MovieSceneCapture (110)
[2016.03.17-15.56.26:882][331]LogModuleManager: Shutting down and abandoning module GameLiveStreaming (109)
[2016.03.17-15.56.26:882][331]LogModuleManager: Shutting down and abandoning module StreamingPauseRendering (108)
[2016.03.17-15.56.26:882][331]LogModuleManager: Shutting down and abandoning module ProfilerService (107)
[2016.03.17-15.56.26:978][331]LogModuleManager: Shutting down and abandoning module TaskGraph (106)
[2016.03.17-15.56.26:978][331]LogModuleManager: Shutting down and abandoning module SlateRemote (105)
[2016.03.17-15.56.26:978][331]LogModuleManager: Shutting down and abandoning module SteamVRController (104)
[2016.03.17-15.56.26:979][331]LogModuleManager: Shutting down and abandoning module SteamVR (103)
[2016.03.17-15.56.26:979][331]LogModuleManager: Shutting down and abandoning module ProceduralMeshComponent (102)
[2016.03.17-15.56.26:979][331]LogModuleManager: Shutting down and abandoning module OculusLibrary (101)
[2016.03.17-15.56.26:979][331]LogModuleManager: Shutting down and abandoning module OculusInput (100)
[2016.03.17-15.56.26:979][331]LogModuleManager: Shutting down and abandoning module LeapMotionController (99)
[2016.03.17-15.56.27:011][331]LogModuleManager: Shutting down and abandoning module CustomMeshComponent (98)
[2016.03.17-15.56.27:011][331]LogModuleManager: Shutting down and abandoning module CableComponent (97)
[2016.03.17-15.56.27:011][331]LogModuleManager: Shutting down and abandoning module ArchVisCharacter (96)
[2016.03.17-15.56.27:011][331]LogModuleManager: Shutting down and abandoning module HTML5Networking (95)
[2016.03.17-15.56.27:011][331]LogModuleManager: Shutting down and abandoning module DesktopPlatform (94)
[2016.03.17-15.56.27:011][331]LogModuleManager: Shutting down and abandoning module DirectoryWatcher (93)
[2016.03.17-15.56.27:011][331]LogModuleManager: Shutting down and abandoning module HotReload (92)
[2016.03.17-15.56.27:011][331]LogModuleManager: Shutting down and abandoning module VisualStudioSourceCodeAccess (91)
[2016.03.17-15.56.27:011][331]LogModuleManager: Shutting down and abandoning module UObjectPlugin (90)
[2016.03.17-15.56.27:011][331]LogModuleManager: Shutting down and abandoning module SubversionSourceControl (89)
[2016.03.17-15.56.27:011][331]LogModuleManager: Shutting down and abandoning module SourceControl (88)
[2016.03.17-15.56.27:011][331]LogModuleManager: Shutting down and abandoning module PerforceSourceControl (87)
[2016.03.17-15.56.27:011][331]LogModuleManager: Shutting down and abandoning module UdpMessaging (86)
[2016.03.17-15.56.27:011][331]LogModuleManager: Shutting down and abandoning module LightPropagationVolumeRuntime (85)
[2016.03.17-15.56.27:011][331]LogModuleManager: Shutting down and abandoning module Paper2D (84)
[2016.03.17-15.56.27:011][331]LogModuleManager: Shutting down and abandoning module WindowsMoviePlayer (83)
[2016.03.17-15.56.27:018][331]LogModuleManager: Shutting down and abandoning module Media (82)
[2016.03.17-15.56.27:018][331]LogModuleManager: Shutting down and abandoning module WmfMedia (81)
[2016.03.17-15.56.27:019][331]LogModuleManager: Shutting down and abandoning module OnlineBlueprintSupport (80)
[2016.03.17-15.56.27:019][331]LogModuleManager: Shutting down and abandoning module GameplayTasksEditor (79)
[2016.03.17-15.56.27:019][331]LogModuleManager: Shutting down and abandoning module PropertyEditor (78)
[2016.03.17-15.56.27:019][331]LogModuleManager: Shutting down and abandoning module BehaviorTreeEditor (77)
[2016.03.17-15.56.27:019][331]LogModuleManager: Shutting down and abandoning module FunctionalTesting (76)
[2016.03.17-15.56.27:019][331]LogModuleManager: Shutting down and abandoning module CollisionAnalyzer (75)
[2016.03.17-15.56.27:019][331]LogModuleManager: Shutting down and abandoning module WorkspaceMenuStructure (74)
[2016.03.17-15.56.27:019][331]LogModuleManager: Shutting down and abandoning module MessageLog (73)
[2016.03.17-15.56.27:019][331]LogModuleManager: Shutting down and abandoning module Sequencer (72)
[2016.03.17-15.56.27:019][331]LogModuleManager: Shutting down and abandoning module AssetTools (71)
[2016.03.17-15.56.27:020][331]LogModuleManager: Shutting down and abandoning module UMGEditor (70)
[2016.03.17-15.56.27:020][331]LogModuleManager: Shutting down and abandoning module UMG (69)
[2016.03.17-15.56.27:020][331]LogModuleManager: Shutting down and abandoning module Slate (68)
[2016.03.17-15.56.27:020][331]LogModuleManager: Shutting down and abandoning module EditorStyle (67)
[2016.03.17-15.56.27:025][331]LogModuleManager: Shutting down and abandoning module SessionServices (66)
[2016.03.17-15.56.27:025][331]LogModuleManager: Shutting down and abandoning module SourceCodeAccess (65)
[2016.03.17-15.56.27:025][331]LogModuleManager: Shutting down and abandoning module HeadMountedDisplay (64)
[2016.03.17-15.56.27:025][331]LogModuleManager: Shutting down and abandoning module XAudio2 (63)
[2016.03.17-15.56.27:025][331]LogModuleManager: Shutting down and abandoning module Networking (61)
[2016.03.17-15.56.27:025][331]LogModuleManager: Shutting down and abandoning module Core (60)
[2016.03.17-15.56.27:025][331]LogModuleManager: Shutting down and abandoning module KismetCompiler (59)
[2016.03.17-15.56.27:025][331]LogModuleManager: Shutting down and abandoning module PhysXFormats (58)
[2016.03.17-15.56.27:025][331]LogModuleManager: Shutting down and abandoning module MeshUtilities (57)
[2016.03.17-15.56.27:025][331]LogModuleManager: Shutting down and abandoning module DerivedDataCache (56)
[2016.03.17-15.56.27:397][331]LogDerivedDataCache: Shutdown
[2016.03.17-15.56.27:397][331]LogModuleManager: Shutting down and abandoning module ShaderFormatOpenGL (55)
[2016.03.17-15.56.27:397][331]LogModuleManager: Shutting down and abandoning module ShaderFormatD3D (54)
[2016.03.17-15.56.27:397][331]LogModuleManager: Shutting down and abandoning module MetalShaderFormat (53)
[2016.03.17-15.56.27:397][331]LogModuleManager: Shutting down and abandoning module TextureFormatUncompressed (52)
[2016.03.17-15.56.27:397][331]LogModuleManager: Shutting down and abandoning module TextureFormatPVR (51)
[2016.03.17-15.56.27:397][331]LogModuleManager: Shutting down and abandoning module TextureFormatIntelISPCTexComp (50)
[2016.03.17-15.56.27:397][331]LogModuleManager: Shutting down and abandoning module TextureFormatDXT (49)
[2016.03.17-15.56.27:397][331]LogModuleManager: Shutting down and abandoning module ImageWrapper (48)
[2016.03.17-15.56.27:397][331]LogModuleManager: Shutting down and abandoning module TextureFormatASTC (47)
[2016.03.17-15.56.27:397][331]LogModuleManager: Shutting down and abandoning module TextureFormatAndroid (46)
[2016.03.17-15.56.27:398][331]LogModuleManager: Shutting down and abandoning module AudioFormatOpus (45)
[2016.03.17-15.56.27:398][331]LogModuleManager: Shutting down and abandoning module AudioFormatOgg (44)
[2016.03.17-15.56.27:398][331]LogModuleManager: Shutting down and abandoning module AudioFormatADPCM (43)
[2016.03.17-15.56.27:398][331]LogModuleManager: Shutting down and abandoning module LinuxTargetPlatform (42)
[2016.03.17-15.56.27:398][331]LogModuleManager: Shutting down and abandoning module LinuxServerTargetPlatform (41)
[2016.03.17-15.56.27:398][331]LogModuleManager: Shutting down and abandoning module LinuxNoEditorTargetPlatform (40)
[2016.03.17-15.56.27:398][331]LogModuleManager: Shutting down and abandoning module Messaging (39)
[2016.03.17-15.56.27:398][331]LogModuleManager: Shutting down and abandoning module IOSTargetPlatform (38)
[2016.03.17-15.56.27:398][331]LogModuleManager: Shutting down and abandoning module HTML5TargetPlatform (37)
[2016.03.17-15.56.27:398][331]LogModuleManager: Shutting down and abandoning module Android_PVRTCTargetPlatform (36)
[2016.03.17-15.56.27:398][331]LogModuleManager: Shutting down and abandoning module Android_MultiTargetPlatform (35)
[2016.03.17-15.56.27:398][331]LogModuleManager: Shutting down and abandoning module Android_ETC2TargetPlatform (34)
[2016.03.17-15.56.27:398][331]LogModuleManager: Shutting down and abandoning module Android_ETC1TargetPlatform (33)
[2016.03.17-15.56.27:398][331]LogModuleManager: Shutting down and abandoning module Android_DXTTargetPlatform (32)
[2016.03.17-15.56.27:398][331]LogModuleManager: Shutting down and abandoning module Android_ATCTargetPlatform (31)
[2016.03.17-15.56.27:398][331]LogModuleManager: Shutting down and abandoning module Android_ASTCTargetPlatform (30)
[2016.03.17-15.56.27:398][331]LogModuleManager: Shutting down and abandoning module AndroidTargetPlatform (29)
[2016.03.17-15.56.27:398][331]LogModuleManager: Shutting down and abandoning module WindowsTargetPlatform (28)
[2016.03.17-15.56.27:398][331]LogModuleManager: Shutting down and abandoning module WindowsServerTargetPlatform (27)
[2016.03.17-15.56.27:398][331]LogModuleManager: Shutting down and abandoning module WindowsNoEditorTargetPlatform (26)
[2016.03.17-15.56.27:398][331]LogModuleManager: Shutting down and abandoning module WindowsClientTargetPlatform (25)
[2016.03.17-15.56.27:398][331]LogModuleManager: Shutting down and abandoning module AllDesktopTargetPlatform (24)
[2016.03.17-15.56.27:398][331]LogModuleManager: Shutting down and abandoning module TargetPlatform (23)
[2016.03.17-15.56.27:398][331]LogModuleManager: Shutting down and abandoning module InputCore (22)
[2016.03.17-15.56.27:398][331]LogModuleManager: Shutting down and abandoning module Settings (21)
[2016.03.17-15.56.27:399][331]LogModuleManager: Shutting down and abandoning module OnlineSubsystem (19)
[2016.03.17-15.56.27:399][331]LogModuleManager: Shutting down and abandoning module HTTP (18)
[2016.03.17-15.56.27:399][331]LogModuleManager: Shutting down and abandoning module XMPP (17)
[2016.03.17-15.56.27:399][331]LogModuleManager: Shutting down and abandoning module OculusRift (16)
[2016.03.17-15.56.27:399][331]LogModuleManager: Shutting down and abandoning module ExampleDeviceProfileSelector (15)
[2016.03.17-15.56.27:399][331]LogModuleManager: Shutting down and abandoning module TextureCompressor (14)
[2016.03.17-15.56.27:399][331]LogModuleManager: Shutting down and abandoning module ShaderCore (13)
[2016.03.17-15.56.27:399][331]LogModuleManager: Shutting down and abandoning module Landscape (12)
[2016.03.17-15.56.27:400][331]LogModuleManager: Shutting down and abandoning module SlateRHIRenderer (11)
[2016.03.17-15.56.27:400][331]LogModuleManager: Shutting down and abandoning module OpenGLDrv (10)
[2016.03.17-15.56.27:400][331]LogModuleManager: Shutting down and abandoning module D3D11RHI (9)
[2016.03.17-15.56.27:400][331]LogModuleManager: Shutting down and abandoning module AnimGraphRuntime (8)
[2016.03.17-15.56.27:400][331]LogModuleManager: Shutting down and abandoning module Renderer (7)
[2016.03.17-15.56.27:400][331]LogModuleManager: Shutting down and abandoning module Engine (6)
[2016.03.17-15.56.27:400][331]LogModuleManager: Shutting down and abandoning module CoreUObject (5)
[2016.03.17-15.56.27:400][331]LogModuleManager: Shutting down and abandoning module NetworkFile (4)
[2016.03.17-15.56.27:400][331]LogModuleManager: Shutting down and abandoning module StreamingFile (3)
[2016.03.17-15.56.27:400][331]LogModuleManager: Shutting down and abandoning module SandboxFile (2)
[2016.03.17-15.56.27:400][331]LogModuleManager: Shutting down and abandoning module PakFile (1)
[2016.03.17-15.56.27:405][331]LogExit: Exiting.
[2016.03.17-15.56.27:413][331]Log file closed, 03/17/16 11:56:27
